{"level":"info","message":"Server running on port: 4000","timestamp":"2024-09-29 15:33:14"}
{"level":"info","message":"MongoDB connected successfully","timestamp":"2024-09-29 15:33:14"}
{"level":"info","message":"Server running on port: 4000","timestamp":"2024-09-29 15:53:42"}
{"level":"info","message":"MongoDB connected successfully","timestamp":"2024-09-29 15:53:42"}
{"level":"info","message":"Server running on port: 4000","timestamp":"2024-09-29 16:02:38"}
{"level":"info","message":"MongoDB connected successfully","timestamp":"2024-09-29 16:02:38"}
{"level":"info","message":"Server running on port: 4000","timestamp":"2024-09-29 16:02:53"}
{"level":"info","message":"MongoDB connected successfully","timestamp":"2024-09-29 16:02:53"}
{"level":"info","message":"Incoming request: GET /","timestamp":"2024-09-29 16:03:00"}
{"level":"info","message":"Incoming request: GET /favicon.ico","timestamp":"2024-09-29 16:03:01"}
{"level":"info","message":"Server running on port: 4000","timestamp":"2024-09-29 16:20:08"}
{"level":"info","message":"MongoDB connected successfully","timestamp":"2024-09-29 16:20:08"}
{"level":"info","message":"Server running on port: 4000","timestamp":"2024-09-29 16:20:29"}
{"level":"info","message":"MongoDB connected successfully","timestamp":"2024-09-29 16:20:29"}
{"level":"info","message":"Server running on port: 4000","timestamp":"2024-09-29 16:20:56"}
{"level":"info","message":"MongoDB connected successfully","timestamp":"2024-09-29 16:20:56"}
{"level":"info","message":"Server running on port: 4000","timestamp":"2024-09-29 16:21:04"}
{"level":"info","message":"MongoDB connected successfully","timestamp":"2024-09-29 16:21:04"}
{"level":"info","message":"Server running on port: 4000","timestamp":"2024-09-29 16:21:17"}
{"level":"info","message":"MongoDB connected successfully","timestamp":"2024-09-29 16:21:17"}
{"level":"info","message":"Server running on port: 4000","timestamp":"2024-09-29 16:21:28"}
{"level":"info","message":"MongoDB connected successfully","timestamp":"2024-09-29 16:21:28"}
{"level":"info","message":"Server running on port: 4000","timestamp":"2024-09-29 16:21:35"}
{"level":"info","message":"MongoDB connected successfully","timestamp":"2024-09-29 16:21:35"}
{"level":"info","message":"Server running on port: 4000","timestamp":"2024-09-30 07:28:37"}
{"level":"info","message":"MongoDB connected successfully","timestamp":"2024-09-30 07:28:37"}
{"level":"info","message":"Incoming request: GET /","timestamp":"2024-09-30 07:30:42"}
{"level":"info","message":"Incoming request: GET /api/v1/auth/signup","timestamp":"2024-09-30 07:30:52"}
{"level":"info","message":"Incoming request: POST /api/v1/auth/signup","timestamp":"2024-09-30 07:31:01"}
{"level":"info","message":"New user create: oliver.b25.f@gmail.com","timestamp":"2024-09-30 07:31:01"}
{"level":"info","message":"Server running on port: 4000","timestamp":"2024-09-30 14:47:32"}
{"level":"info","message":"MongoDB connected successfully","timestamp":"2024-09-30 14:47:32"}
{"level":"info","message":"Server running on port: 4000","timestamp":"2024-09-30 14:47:53"}
{"level":"info","message":"MongoDB connected successfully","timestamp":"2024-09-30 14:47:53"}
{"level":"info","message":"Server running on port: 4000","timestamp":"2024-09-30 14:50:03"}
{"level":"info","message":"MongoDB connected successfully","timestamp":"2024-09-30 14:50:03"}
{"level":"info","message":"Server running on port: 4000","timestamp":"2024-09-30 15:09:52"}
{"level":"info","message":"MongoDB connected successfully","timestamp":"2024-09-30 15:09:52"}
{"level":"info","message":"Incoming request: POST /api/v1/auth/login","timestamp":"2024-09-30 15:10:55"}
{"level":"info","message":"Server running on port: 4000","timestamp":"2024-09-30 15:14:27"}
{"level":"info","message":"MongoDB connected successfully","timestamp":"2024-09-30 15:14:27"}
{"level":"info","message":"Server running on port: 4000","timestamp":"2024-09-30 15:27:26"}
{"level":"info","message":"MongoDB connected successfully","timestamp":"2024-09-30 15:27:26"}
{"level":"info","message":"Server running on port: 4000","timestamp":"2024-09-30 15:28:00"}
{"level":"info","message":"MongoDB connected successfully","timestamp":"2024-09-30 15:28:00"}
{"level":"info","message":"Server running on port: 4000","timestamp":"2024-09-30 15:28:28"}
{"level":"info","message":"MongoDB connected successfully","timestamp":"2024-09-30 15:28:28"}
{"level":"info","message":"Server running on port: 4000","timestamp":"2024-09-30 15:28:46"}
{"level":"info","message":"MongoDB connected successfully","timestamp":"2024-09-30 15:28:46"}
{"level":"info","message":"Server running on port: 4000","timestamp":"2024-09-30 15:30:43"}
{"level":"info","message":"MongoDB connected successfully","timestamp":"2024-09-30 15:30:43"}
{"level":"info","message":"Server running on port: 4000","timestamp":"2024-09-30 15:30:51"}
{"level":"info","message":"MongoDB connected successfully","timestamp":"2024-09-30 15:30:51"}
{"level":"info","message":"Server running on port: 4000","timestamp":"2024-09-30 15:31:07"}
{"level":"info","message":"MongoDB connected successfully","timestamp":"2024-09-30 15:31:07"}
{"level":"info","message":"Server running on port: 4000","timestamp":"2024-09-30 15:31:16"}
{"level":"info","message":"MongoDB connected successfully","timestamp":"2024-09-30 15:31:16"}
{"level":"info","message":"Server running on port: 4000","timestamp":"2024-09-30 15:31:23"}
{"level":"info","message":"MongoDB connected successfully","timestamp":"2024-09-30 15:31:23"}
{"level":"info","message":"Server running on port: 4000","timestamp":"2024-09-30 15:31:31"}
{"level":"info","message":"MongoDB connected successfully","timestamp":"2024-09-30 15:31:31"}
{"level":"info","message":"Incoming request: POST /api/v1/auth/login","timestamp":"2024-09-30 15:32:07"}
{"level":"info","message":"User authenticated via local strategy: oliver.b25.f@gmail.com","timestamp":"2024-09-30 15:32:07"}
{"level":"info","message":"User logged in successfully: oliver.b25.f@gmail.com","timestamp":"2024-09-30 15:32:07"}
{"level":"info","message":"Server running on port: 4000","timestamp":"2024-09-30 15:33:08"}
{"level":"info","message":"MongoDB connected successfully","timestamp":"2024-09-30 15:33:08"}
{"level":"info","message":"Incoming request: POST /api/v1/auth/login","timestamp":"2024-09-30 15:33:14"}
{"level":"info","message":"User authenticated via local strategy: oliver.b25.f@gmail.com","timestamp":"2024-09-30 15:33:14"}
{"level":"info","message":"User logged in successfully: oliver.b25.f@gmail.com","timestamp":"2024-09-30 15:33:14"}
{"level":"info","message":"Server running on port: 4000","timestamp":"2024-09-30 15:33:56"}
{"level":"info","message":"MongoDB connected successfully","timestamp":"2024-09-30 15:33:57"}
{"level":"info","message":"Incoming request: POST /api/v1/auth/login","timestamp":"2024-09-30 15:34:02"}
{"level":"info","message":"User authenticated via local strategy: oliver.b25.f@gmail.com","timestamp":"2024-09-30 15:34:02"}
{"level":"info","message":"User logged in successfully: oliver.b25.f@gmail.com","timestamp":"2024-09-30 15:34:02"}
{"level":"info","message":"Server running on port: 4000","timestamp":"2024-09-30 15:38:24"}
{"level":"info","message":"MongoDB connected successfully","timestamp":"2024-09-30 15:38:24"}
{"level":"info","message":"Server running on port: 4000","timestamp":"2024-09-30 15:40:04"}
{"level":"info","message":"MongoDB connected successfully","timestamp":"2024-09-30 15:40:04"}
{"level":"info","message":"Server running on port: 4000","timestamp":"2024-09-30 15:41:19"}
{"level":"info","message":"MongoDB connected successfully","timestamp":"2024-09-30 15:41:19"}
{"level":"info","message":"Server running on port: 4000","timestamp":"2024-09-30 15:41:23"}
{"level":"info","message":"MongoDB connected successfully","timestamp":"2024-09-30 15:41:23"}
{"level":"info","message":"Server running on port: 4000","timestamp":"2024-09-30 15:41:28"}
{"level":"info","message":"MongoDB connected successfully","timestamp":"2024-09-30 15:41:28"}
{"level":"info","message":"Incoming request: POST /api/v1/auth/login","timestamp":"2024-09-30 16:03:38"}
{"level":"info","message":"User authenticated via local strategy: oliver.b25.f@gmail.com","timestamp":"2024-09-30 16:03:38"}
{"level":"info","message":"User logged in successfully: oliver.b25.f@gmail.com","timestamp":"2024-09-30 16:03:38"}
{"level":"info","message":"Server running on port: 4000","timestamp":"2024-09-30 16:04:18"}
{"level":"info","message":"MongoDB connected successfully","timestamp":"2024-09-30 16:04:18"}
{"level":"info","message":"Server running on port: 4000","timestamp":"2024-09-30 16:05:06"}
{"level":"info","message":"MongoDB connected successfully","timestamp":"2024-09-30 16:05:06"}
{"level":"info","message":"Server running on port: 4000","timestamp":"2024-09-30 16:05:18"}
{"level":"info","message":"MongoDB connected successfully","timestamp":"2024-09-30 16:05:18"}
{"level":"info","message":"Server running on port: 4000","timestamp":"2024-09-30 16:06:02"}
{"level":"info","message":"MongoDB connected successfully","timestamp":"2024-09-30 16:06:02"}
{"level":"info","message":"Server running on port: 4000","timestamp":"2024-09-30 16:06:14"}
{"level":"info","message":"MongoDB connected successfully","timestamp":"2024-09-30 16:06:14"}
{"level":"info","message":"Incoming request: POST /api/v1/auth/login","timestamp":"2024-09-30 16:06:41"}
{"level":"info","message":"User authenticated via local strategy: oliver.b25.f@gmail.com","timestamp":"2024-09-30 16:06:41"}
{"level":"info","message":"User logged in successfully: oliver.b25.f@gmail.com","timestamp":"2024-09-30 16:06:41"}
{"level":"info","message":"Server running on port: 4000","timestamp":"2024-09-30 16:07:20"}
{"level":"info","message":"MongoDB connected successfully","timestamp":"2024-09-30 16:07:20"}
{"level":"info","message":"Server running on port: 4000","timestamp":"2024-09-30 16:07:25"}
{"level":"info","message":"MongoDB connected successfully","timestamp":"2024-09-30 16:07:25"}
{"level":"info","message":"Server running on port: 4000","timestamp":"2024-09-30 16:17:07"}
{"level":"info","message":"MongoDB connected successfully","timestamp":"2024-09-30 16:17:07"}
{"level":"info","message":"Server running on port: 4000","timestamp":"2024-09-30 16:21:48"}
{"level":"info","message":"MongoDB connected successfully","timestamp":"2024-09-30 16:21:48"}
{"level":"info","message":"Server running on port: 4000","timestamp":"2024-09-30 16:27:31"}
{"level":"info","message":"MongoDB connected successfully","timestamp":"2024-09-30 16:27:31"}
{"level":"info","message":"Server running on port: 4000","timestamp":"2024-09-30 16:29:00"}
{"level":"info","message":"MongoDB connected successfully","timestamp":"2024-09-30 16:29:00"}
{"level":"info","message":"Server running on port: 4000","timestamp":"2024-09-30 16:30:00"}
{"level":"info","message":"MongoDB connected successfully","timestamp":"2024-09-30 16:30:01"}
{"level":"info","message":"Server running on port: 4000","timestamp":"2024-09-30 16:30:13"}
{"level":"info","message":"MongoDB connected successfully","timestamp":"2024-09-30 16:30:13"}
{"level":"info","message":"Server running on port: 4000","timestamp":"2024-09-30 16:30:44"}
{"level":"info","message":"MongoDB connected successfully","timestamp":"2024-09-30 16:30:44"}
{"level":"info","message":"Server running on port: 4000","timestamp":"2024-09-30 16:31:41"}
{"level":"info","message":"MongoDB connected successfully","timestamp":"2024-09-30 16:31:41"}
{"level":"info","message":"Server running on port: 4000","timestamp":"2024-09-30 16:32:13"}
{"level":"info","message":"MongoDB connected successfully","timestamp":"2024-09-30 16:32:13"}
{"level":"info","message":"Server running on port: 4000","timestamp":"2024-09-30 16:32:31"}
{"level":"info","message":"MongoDB connected successfully","timestamp":"2024-09-30 16:32:31"}
{"level":"info","message":"Server running on port: 4000","timestamp":"2024-09-30 16:33:06"}
{"level":"info","message":"MongoDB connected successfully","timestamp":"2024-09-30 16:33:06"}
{"level":"info","message":"Server running on port: 4000","timestamp":"2024-09-30 16:33:12"}
{"level":"info","message":"MongoDB connected successfully","timestamp":"2024-09-30 16:33:12"}
{"level":"info","message":"Server running on port: 4000","timestamp":"2024-09-30 16:33:48"}
{"level":"info","message":"MongoDB connected successfully","timestamp":"2024-09-30 16:33:48"}
{"level":"info","message":"Server running on port: 4000","timestamp":"2024-09-30 16:33:57"}
{"level":"info","message":"MongoDB connected successfully","timestamp":"2024-09-30 16:33:58"}
{"level":"info","message":"Server running on port: 4000","timestamp":"2024-09-30 16:34:04"}
{"level":"info","message":"MongoDB connected successfully","timestamp":"2024-09-30 16:34:04"}
{"level":"info","message":"Server running on port: 4000","timestamp":"2024-09-30 16:34:44"}
{"level":"info","message":"MongoDB connected successfully","timestamp":"2024-09-30 16:34:44"}
{"level":"info","message":"Server running on port: 4000","timestamp":"2024-09-30 16:35:02"}
{"level":"info","message":"MongoDB connected successfully","timestamp":"2024-09-30 16:35:02"}
{"level":"info","message":"Server running on port: 4000","timestamp":"2024-09-30 16:35:25"}
{"level":"info","message":"MongoDB connected successfully","timestamp":"2024-09-30 16:35:25"}
{"level":"info","message":"Server running on port: 4000","timestamp":"2024-09-30 16:35:31"}
{"level":"info","message":"MongoDB connected successfully","timestamp":"2024-09-30 16:35:31"}
{"level":"info","message":"Server running on port: 4000","timestamp":"2024-09-30 17:04:59"}
{"level":"info","message":"MongoDB connected successfully","timestamp":"2024-09-30 17:04:59"}
{"level":"info","message":"Server running on port: 4000","timestamp":"2024-09-30 17:05:03"}
{"level":"info","message":"MongoDB connected successfully","timestamp":"2024-09-30 17:05:03"}
{"level":"info","message":"Server running on port: 4000","timestamp":"2024-09-30 17:07:04"}
{"level":"info","message":"MongoDB connected successfully","timestamp":"2024-09-30 17:07:04"}
{"level":"info","message":"Server running on port: 4000","timestamp":"2024-09-30 17:14:32"}
{"level":"info","message":"MongoDB connected successfully","timestamp":"2024-09-30 17:14:33"}
{"level":"info","message":"Incoming request: GET /api/v1/auth/google","timestamp":"2024-09-30 17:17:28"}
{"level":"info","message":"Incoming request: GET /api/v1/auth/google","timestamp":"2024-09-30 17:17:59"}
{"level":"info","message":"Incoming request: GET /api/v1/auth/google","timestamp":"2024-09-30 17:19:13"}
{"level":"info","message":"Incoming request: GET /api/v1/auth/google","timestamp":"2024-09-30 17:38:54"}
{"level":"info","message":"Incoming request: GET /api/v1/auth/google/callback?code=4%2F0AVG7fiRiuekL5LS_GeBqSP_XXEYPRC7nO6iBPy0ciSnK_HCK_uZzch4eEy_oYIW9ncud0w&scope=email+profile+openid+https%3A%2F%2Fwww.googleapis.com%2Fauth%2Fuserinfo.profile+https%3A%2F%2Fwww.googleapis.com%2Fauth%2Fuserinfo.email&authuser=0&prompt=consent","timestamp":"2024-09-30 17:39:05"}
{"level":"info","message":"Incoming request: GET /favicon.ico","timestamp":"2024-09-30 17:39:06"}
{"level":"info","message":"Server running on port: 4000","timestamp":"2024-09-30 17:42:05"}
{"level":"info","message":"MongoDB connected successfully","timestamp":"2024-09-30 17:42:05"}
{"level":"info","message":"Server running on port: 4000","timestamp":"2024-09-30 17:42:18"}
{"level":"info","message":"MongoDB connected successfully","timestamp":"2024-09-30 17:42:18"}
{"level":"info","message":"Incoming request: GET /api/v1/auth/google","timestamp":"2024-09-30 17:43:04"}
{"level":"info","message":"Incoming request: GET /api/v1/auth/google/callback?code=4%2F0AVG7fiRiUYGyNECwlgpk8000wDln4bRtz2ilB3LS3UqdfGtft4-EGdacs6EdForpHITtkw&scope=email+profile+openid+https%3A%2F%2Fwww.googleapis.com%2Fauth%2Fuserinfo.profile+https%3A%2F%2Fwww.googleapis.com%2Fauth%2Fuserinfo.email&authuser=0&prompt=consent","timestamp":"2024-09-30 17:43:11"}
{"level":"info","message":"Incoming request: GET /favicon.ico","timestamp":"2024-09-30 17:49:59"}
{"level":"info","message":"Incoming request: GET /api/v1/auth/google","timestamp":"2024-09-30 17:50:06"}
{"level":"info","message":"Incoming request: GET /api/v1/auth/google/callback?code=4%2F0AQlEd8zWjs06u2pQMO7fyeoe9cTd4XrJkddu_sydE_jBHJVVELn9M_3gBvxsM1UfNbv4eg&scope=email+profile+openid+https%3A%2F%2Fwww.googleapis.com%2Fauth%2Fuserinfo.profile+https%3A%2F%2Fwww.googleapis.com%2Fauth%2Fuserinfo.email&authuser=0&prompt=consent","timestamp":"2024-09-30 17:50:14"}
{"level":"info","message":"Server running on port: 4000","timestamp":"2024-09-30 17:50:51"}
{"level":"info","message":"MongoDB connected successfully","timestamp":"2024-09-30 17:50:51"}
{"level":"info","message":"Server running on port: 4000","timestamp":"2024-09-30 17:51:01"}
{"level":"info","message":"MongoDB connected successfully","timestamp":"2024-09-30 17:51:01"}
{"level":"info","message":"Incoming request: GET /api/v1/auth/google","timestamp":"2024-09-30 17:51:10"}
{"level":"info","message":"Incoming request: GET /api/v1/auth/google/callback?code=4%2F0AVG7fiTLlXsevX05xEEJVj35qTjFwP-KBllXLqY15pHiGeWenzyQyGHSt5q0F9D12_nkhw&scope=email+profile+openid+https%3A%2F%2Fwww.googleapis.com%2Fauth%2Fuserinfo.profile+https%3A%2F%2Fwww.googleapis.com%2Fauth%2Fuserinfo.email&authuser=0&prompt=consent","timestamp":"2024-09-30 17:51:39"}
{"level":"info","message":"Server running on port: 4000","timestamp":"2024-09-30 17:54:15"}
{"level":"info","message":"MongoDB connected successfully","timestamp":"2024-09-30 17:54:15"}
{"level":"info","message":"Incoming request: GET /api/v1/auth/google","timestamp":"2024-09-30 18:41:24"}
{"level":"info","message":"Server running on port: 4000","timestamp":"2024-09-30 18:41:51"}
{"level":"info","message":"MongoDB connected successfully","timestamp":"2024-09-30 18:41:51"}
{"level":"info","message":"Incoming request: GET /api/v1/auth/google","timestamp":"2024-09-30 18:42:00"}
{"level":"info","message":"Incoming request: GET /api/v1/auth/google/callback?code=4%2F0AVG7fiTI5ntrwS71xePT2Q3EtXMvs4TwGs4KNAaOATL4AdOU4M9u2c7vniddgpZIo_wuow&scope=email+profile+https%3A%2F%2Fwww.googleapis.com%2Fauth%2Fuserinfo.email+openid+https%3A%2F%2Fwww.googleapis.com%2Fauth%2Fuserinfo.profile&authuser=0&prompt=none","timestamp":"2024-09-30 18:42:02"}
{"level":"info","message":"Incoming request: GET /api/v1/auth/google","timestamp":"2024-09-30 18:42:20"}
{"level":"info","message":"Incoming request: GET /api/v1/auth/google/callback?code=4%2F0AVG7fiSaDMWPbEV2tpCG0liccsZSRr8J6zlZgtIQ3F_SS8pkRD4lXIDii_UIpUVBk-MAaw&scope=email+profile+https%3A%2F%2Fwww.googleapis.com%2Fauth%2Fuserinfo.email+https%3A%2F%2Fwww.googleapis.com%2Fauth%2Fuserinfo.profile+openid&authuser=0&prompt=none","timestamp":"2024-09-30 18:42:21"}
{"level":"info","message":"Incoming request: GET /api/v1/auth/google/callback?code=4%2F0AVG7fiSaDMWPbEV2tpCG0liccsZSRr8J6zlZgtIQ3F_SS8pkRD4lXIDii_UIpUVBk-MAaw&scope=email+profile+https%3A%2F%2Fwww.googleapis.com%2Fauth%2Fuserinfo.email+https%3A%2F%2Fwww.googleapis.com%2Fauth%2Fuserinfo.profile+openid&authuser=0&prompt=none","timestamp":"2024-09-30 18:42:55"}
{"level":"info","message":"Server running on port: 4000","timestamp":"2024-09-30 18:43:14"}
{"level":"info","message":"MongoDB connected successfully","timestamp":"2024-09-30 18:43:14"}
{"level":"info","message":"Incoming request: GET /api/v1/auth/google","timestamp":"2024-09-30 18:43:18"}
{"level":"info","message":"Incoming request: GET /api/v1/auth/google/callback?code=4%2F0AVG7fiQjYDYdTpI1x-wO2fmjxm2i4MsGZb4K4rIR-EbrKFKaQxKvSobS2WWTodLuAbwcOg&scope=email+profile+https%3A%2F%2Fwww.googleapis.com%2Fauth%2Fuserinfo.email+openid+https%3A%2F%2Fwww.googleapis.com%2Fauth%2Fuserinfo.profile&authuser=0&prompt=none","timestamp":"2024-09-30 18:43:19"}
{"level":"info","message":"Server running on port: 4000","timestamp":"2024-09-30 18:43:49"}
{"level":"info","message":"MongoDB connected successfully","timestamp":"2024-09-30 18:43:49"}
{"level":"info","message":"Incoming request: GET /api/v1/auth/google","timestamp":"2024-09-30 18:43:57"}
{"level":"info","message":"Incoming request: GET /api/v1/auth/google/callback?code=4%2F0AVG7fiSh_3HVRYY7kMeoPzfYA_UkDZ-DrtDJP352wNORBOlskR49Q74gM6HxEBJVnt53Zg&scope=email+profile+https%3A%2F%2Fwww.googleapis.com%2Fauth%2Fuserinfo.profile+openid+https%3A%2F%2Fwww.googleapis.com%2Fauth%2Fuserinfo.email&authuser=0&prompt=none","timestamp":"2024-09-30 18:44:08"}
{"level":"info","message":"Server running on port: 4000","timestamp":"2024-09-30 18:45:39"}
{"level":"info","message":"MongoDB connected successfully","timestamp":"2024-09-30 18:45:39"}
{"level":"info","message":"Server running on port: 4000","timestamp":"2024-09-30 18:46:40"}
{"level":"info","message":"MongoDB connected successfully","timestamp":"2024-09-30 18:46:40"}
{"level":"info","message":"Incoming request: GET /api/v1/auth/google","timestamp":"2024-09-30 18:46:55"}
{"level":"info","message":"Incoming request: GET /api/v1/auth/google/callback?code=4%2F0AVG7fiRdeCM9oHlNZy7_dtxCDXYnS0hy3eapCl3qVYwtuL29XFs4i3tb_EXQu_5RKR7i_g&scope=email+profile+https%3A%2F%2Fwww.googleapis.com%2Fauth%2Fuserinfo.email+https%3A%2F%2Fwww.googleapis.com%2Fauth%2Fuserinfo.profile+openid&authuser=0&prompt=none","timestamp":"2024-09-30 18:47:08"}
{"level":"info","message":"Server running on port: 4000","timestamp":"2024-09-30 18:47:23"}
{"level":"info","message":"MongoDB connected successfully","timestamp":"2024-09-30 18:47:23"}
{"level":"info","message":"Server running on port: 4000","timestamp":"2024-09-30 18:47:41"}
{"level":"info","message":"MongoDB connected successfully","timestamp":"2024-09-30 18:47:41"}
{"level":"info","message":"Server running on port: 4000","timestamp":"2024-09-30 18:48:03"}
{"level":"info","message":"MongoDB connected successfully","timestamp":"2024-09-30 18:48:03"}
{"level":"info","message":"Server running on port: 4000","timestamp":"2024-09-30 18:48:12"}
{"level":"info","message":"MongoDB connected successfully","timestamp":"2024-09-30 18:48:12"}
{"level":"info","message":"Incoming request: GET /api/v1/auth/google","timestamp":"2024-09-30 18:48:23"}
{"level":"info","message":"Incoming request: GET /api/v1/auth/google/callback?code=4%2F0AVG7fiSB_kKFY_QVgtVxida16lTo8hZ-MDW9jf1c46O2586QSP69VQjLT27CB4eLnnlTRw&scope=email+profile+https%3A%2F%2Fwww.googleapis.com%2Fauth%2Fuserinfo.profile+https%3A%2F%2Fwww.googleapis.com%2Fauth%2Fuserinfo.email+openid&authuser=0&prompt=none","timestamp":"2024-09-30 18:48:25"}
{"level":"info","message":"Server running on port: 4000","timestamp":"2024-09-30 19:34:35"}
{"level":"info","message":"MongoDB connected successfully","timestamp":"2024-09-30 19:34:35"}
{"level":"info","message":"Incoming request: GET /api/v1/auth/google","timestamp":"2024-09-30 19:34:51"}
{"level":"info","message":"Server running on port: 4000","timestamp":"2024-09-30 19:35:20"}
{"level":"info","message":"MongoDB connected successfully","timestamp":"2024-09-30 19:35:20"}
{"level":"info","message":"Incoming request: GET /api/v1/auth/google","timestamp":"2024-09-30 19:35:43"}
{"level":"info","message":"Incoming request: GET /api/v1/auth/google/callback?code=4%2F0AVG7fiR-zSsnDihVnMPVjeDvGIw1r0ipjUP1VngeeMwUOO7dOkDmYsJMCg7Oc-erySqtWg&scope=email+profile+openid+https%3A%2F%2Fwww.googleapis.com%2Fauth%2Fuserinfo.profile+https%3A%2F%2Fwww.googleapis.com%2Fauth%2Fuserinfo.email&authuser=0&prompt=consent","timestamp":"2024-09-30 19:35:48"}
{"level":"info","message":"Server running on port: 4000","timestamp":"2024-09-30 19:39:48"}
{"level":"info","message":"MongoDB connected successfully","timestamp":"2024-09-30 19:39:48"}
